Build started 10/28/2015 2:47:13 PM.
     1>Project "C:\Users\Office\Desktop\cata\aplicatii - C++\C++Primer\Ch6-BranchingStatementsAndLogicalOperators\Chapter6-9\Chapter6-9\Chapter6-9.vcxproj" on node 2 (Build target(s)).
     1>ClCompile:
         C:\Program Files (x86)\Microsoft Visual Studio 11.0\VC\bin\CL.exe /c /ZI /nologo /W3 /WX- /sdl /Od /Oy- /D WIN32 /D _DEBUG /D _CONSOLE /D _UNICODE /D UNICODE /Gm /EHsc /RTC1 /MDd /GS /fp:precise /Zc:wchar_t /Zc:forScope /Fo"Debug\\" /Fd"Debug\vc110.pdb" /Gd /TP /analyze- /errorReport:prompt Source.cpp
         Source.cpp
     1>c:\users\office\desktop\cata\aplicatii - c++\c++primer\ch6-branchingstatementsandlogicaloperators\chapter6-9\chapter6-9\source.cpp(32): warning C4129: 'p' : unrecognized character escape sequence
     1>c:\users\office\desktop\cata\aplicatii - c++\c++primer\ch6-branchingstatementsandlogicaloperators\chapter6-9\chapter6-9\source.cpp(66): error C4996: 'strcpy': This function or variable may be unsafe. Consider using strcpy_s instead. To disable deprecation, use _CRT_SECURE_NO_WARNINGS. See online help for details.
                 c:\program files (x86)\microsoft visual studio 11.0\vc\include\string.h(110) : see declaration of 'strcpy'
     1>Done Building Project "C:\Users\Office\Desktop\cata\aplicatii - C++\C++Primer\Ch6-BranchingStatementsAndLogicalOperators\Chapter6-9\Chapter6-9\Chapter6-9.vcxproj" (Build target(s)) -- FAILED.

Build FAILED.

Time Elapsed 00:00:01.54
